# JRE version: OpenJDK Runtime Environment Temurin-21.0.4+7 (21.0.4+7) (build 21.0.4+7-LTS)
# Java VM: OpenJDK 64-Bit Server VM Temurin-21.0.4+7 (21.0.4+7-LTS, mixed mode, emulated-client, tiered, compressed oops, compressed class ptrs, g1 gc, windows-amd64)
GC Precious Log:
 CardTable entry size: 512
 Card Set container configuration: InlinePtr #cards 5 size 8 Array Of Cards #cards 12 size 40 Howl #buckets 4 coarsen threshold 1843 Howl Bitmap #cards 512 size 80 coarsen threshold 460 Card regions per heap region 1 cards per card region 2048
 CPUs: 8 total, 8 available
 Memory: 7883M
 Large Page Support: Disabled
 NUMA Support: Disabled
 Compressed Oops: Enabled (32-bit)
 Heap Region Size: 1M
 Heap Min Capacity: 8M
 Heap Initial Capacity: 124M
 Heap Max Capacity: 1972M
 Pre-touch: Disabled
 Parallel Workers: 8
 Concurrent Workers: 2
 Concurrent Refinement Workers: 8
 Periodic GC: Disabled
Heap:
 garbage-first heap   total 45056K, used 23653K [0x0000000084c00000, 0x0000000100000000)
  region size 1024K, 12 young (12288K), 3 survivors (3072K)
 Metaspace       used 40218K, committed 40768K, reserved 1114112K
  class space    used 4782K, committed 5056K, reserved 1048576K
GC Heap History (20 events):
Event: 0.941 GC heap before
{Heap before GC invocations=2 (full 0):
 garbage-first heap   total 126976K, used 18762K [0x0000000084c00000, 0x0000000100000000)
  region size 1024K, 16 young (16384K), 2 survivors (2048K)
 Metaspace       used 21213K, committed 21504K, reserved 1114112K
  class space    used 2201K, committed 2368K, reserved 1048576K
}
Event: 0.943 GC heap after
{Heap after GC invocations=3 (full 0):
 garbage-first heap   total 126976K, used 6832K [0x0000000084c00000, 0x0000000100000000)
  region size 1024K, 2 young (2048K), 2 survivors (2048K)
 Metaspace       used 21213K, committed 21504K, reserved 1114112K
  class space    used 2201K, committed 2368K, reserved 1048576K
}
Event: 1.036 GC heap before
{Heap before GC invocations=4 (full 0):
 garbage-first heap   total 24576K, used 20144K [0x0000000084c00000, 0x0000000100000000)
  region size 1024K, 16 young (16384K), 2 survivors (2048K)
 Metaspace       used 22537K, committed 22912K, reserved 1114112K
  class space    used 2432K, committed 2624K, reserved 1048576K
}
Event: 1.039 GC heap after
{Heap after GC invocations=5 (full 0):
 garbage-first heap   total 25600K, used 7601K [0x0000000084c00000, 0x0000000100000000)
  region size 1024K, 2 young (2048K), 2 survivors (2048K)
 Metaspace       used 22537K, committed 22912K, reserved 1114112K
  class space    used 2432K, committed 2624K, reserved 1048576K
}
Event: 1.107 GC heap before
{Heap before GC invocations=5 (full 0):
 garbage-first heap   total 25600K, used 18865K [0x0000000084c00000, 0x0000000100000000)
  region size 1024K, 14 young (14336K), 2 survivors (2048K)
 Metaspace       used 23659K, committed 24000K, reserved 1114112K
  class space    used 2628K, committed 2752K, reserved 1048576K
}
Event: 1.109 GC heap after
{Heap after GC invocations=6 (full 0):
 garbage-first heap   total 25600K, used 8185K [0x0000000084c00000, 0x0000000100000000)
  region size 1024K, 2 young (2048K), 2 survivors (2048K)
 Metaspace       used 23659K, committed 24000K, reserved 1114112K
  class space    used 2628K, committed 2752K, reserved 1048576K
}
Event: 1.133 GC heap before
{Heap before GC invocations=6 (full 0):
 garbage-first heap   total 25600K, used 19449K [0x0000000084c00000, 0x0000000100000000)
  region size 1024K, 14 young (14336K), 2 survivors (2048K)
 Metaspace       used 24794K, committed 25088K, reserved 1114112K
  class space    used 2733K, committed 2880K, reserved 1048576K
}
Event: 1.135 GC heap after
{Heap after GC invocations=7 (full 0):
 garbage-first heap   total 76800K, used 7923K [0x0000000084c00000, 0x0000000100000000)
  region size 1024K, 1 young (1024K), 1 survivors (1024K)
 Metaspace       used 24794K, committed 25088K, reserved 1114112K
  class space    used 2733K, committed 2880K, reserved 1048576K
}
Event: 1.264 GC heap before
{Heap before GC invocations=7 (full 0):
 garbage-first heap   total 76800K, used 52979K [0x0000000084c00000, 0x0000000100000000)
  region size 1024K, 45 young (46080K), 1 survivors (1024K)
 Metaspace       used 29184K, committed 29504K, reserved 1114112K
  class space    used 3272K, committed 3392K, reserved 1048576K
}
Event: 1.265 GC heap after
{Heap after GC invocations=8 (full 0):
 garbage-first heap   total 76800K, used 9093K [0x0000000084c00000, 0x0000000100000000)
  region size 1024K, 2 young (2048K), 2 survivors (2048K)
 Metaspace       used 29184K, committed 29504K, reserved 1114112K
  class space    used 3272K, committed 3392K, reserved 1048576K
}
Event: 1.503 GC heap before
{Heap before GC invocations=8 (full 0):
 garbage-first heap   total 76800K, used 53125K [0x0000000084c00000, 0x0000000100000000)
  region size 1024K, 45 young (46080K), 2 survivors (2048K)
 Metaspace       used 32049K, committed 32512K, reserved 1114112K
  class space    used 3693K, committed 3904K, reserved 1048576K
}
Event: 1.506 GC heap after
{Heap after GC invocations=9 (full 0):
 garbage-first heap   total 76800K, used 11242K [0x0000000084c00000, 0x0000000100000000)
  region size 1024K, 4 young (4096K), 4 survivors (4096K)
 Metaspace       used 32049K, committed 32512K, reserved 1114112K
  class space    used 3693K, committed 3904K, reserved 1048576K
}
Event: 1.790 GC heap before
{Heap before GC invocations=9 (full 0):
 garbage-first heap   total 76800K, used 53226K [0x0000000084c00000, 0x0000000100000000)
  region size 1024K, 45 young (46080K), 4 survivors (4096K)
 Metaspace       used 35461K, committed 35904K, reserved 1114112K
  class space    used 4157K, committed 4352K, reserved 1048576K
}
Event: 1.794 GC heap after
{Heap after GC invocations=10 (full 0):
 garbage-first heap   total 76800K, used 12885K [0x0000000084c00000, 0x0000000100000000)
  region size 1024K, 4 young (4096K), 4 survivors (4096K)
 Metaspace       used 35461K, committed 35904K, reserved 1114112K
  class space    used 4157K, committed 4352K, reserved 1048576K
}
Event: 1.803 GC heap before
{Heap before GC invocations=10 (full 0):
 garbage-first heap   total 76800K, used 13909K [0x0000000084c00000, 0x0000000100000000)
  region size 1024K, 6 young (6144K), 4 survivors (4096K)
 Metaspace       used 35556K, committed 35968K, reserved 1114112K
  class space    used 4172K, committed 4352K, reserved 1048576K
}
Event: 1.806 GC heap after
{Heap after GC invocations=11 (full 0):
 garbage-first heap   total 92160K, used 12977K [0x0000000084c00000, 0x0000000100000000)
  region size 1024K, 2 young (2048K), 2 survivors (2048K)
 Metaspace       used 35556K, committed 35968K, reserved 1114112K
  class space    used 4172K, committed 4352K, reserved 1048576K
}
Event: 1.962 GC heap before
{Heap before GC invocations=12 (full 0):
 garbage-first heap   total 45056K, used 37553K [0x0000000084c00000, 0x0000000100000000)
  region size 1024K, 26 young (26624K), 2 survivors (2048K)
 Metaspace       used 37580K, committed 38016K, reserved 1114112K
  class space    used 4460K, committed 4672K, reserved 1048576K
}
Event: 1.965 GC heap after
{Heap after GC invocations=13 (full 0):
 garbage-first heap   total 45056K, used 14961K [0x0000000084c00000, 0x0000000100000000)
  region size 1024K, 4 young (4096K), 4 survivors (4096K)
 Metaspace       used 37580K, committed 38016K, reserved 1114112K
  class space    used 4460K, committed 4672K, reserved 1048576K
}
Event: 2.159 GC heap before
{Heap before GC invocations=13 (full 0):
 garbage-first heap   total 45056K, used 37489K [0x0000000084c00000, 0x0000000100000000)
  region size 1024K, 26 young (26624K), 4 survivors (4096K)
 Metaspace       used 39677K, committed 40256K, reserved 1114112K
  class space    used 4700K, committed 4992K, reserved 1048576K
}
Event: 2.163 GC heap after
{Heap after GC invocations=14 (full 0):
 garbage-first heap   total 45056K, used 15461K [0x0000000084c00000, 0x0000000100000000)
  region size 1024K, 3 young (3072K), 3 survivors (3072K)
 Metaspace       used 39677K, committed 40256K, reserved 1114112K
  class space    used 4700K, committed 4992K, reserved 1048576K
}

